This file contains any messages produced by compilers while
running configure, to aid debugging if configure makes a mistake.

It was created by rollo-driver configure 1.8.4, which was
generated by GNU Autoconf 2.71.  Invocation command line was

  $ ./configure --prefix=/usr

## --------- ##
## Platform. ##
## --------- ##

hostname = rig
uname -m = x86_64
uname -r = 6.15.4-arch2-1
uname -s = Linux
uname -v = #1 SMP PREEMPT_DYNAMIC Fri, 27 Jun 2025 16:35:07 +0000

/usr/bin/uname -p = unknown
/bin/uname -X     = unknown

/bin/arch              = unknown
/usr/bin/arch -k       = unknown
/usr/convex/getsysinfo = unknown
/usr/bin/hostinfo      = unknown
/bin/machine           = unknown
/usr/bin/oslevel       = unknown
/bin/universe          = unknown

PATH: /home/dev/bin/
PATH: /usr/local/bin/
PATH: /home/dev/bin/
PATH: /usr/local/bin/
PATH: /usr/local/sbin/
PATH: /usr/local/bin/
PATH: /usr/bin/
PATH: /var/lib/flatpak/exports/bin/
PATH: /usr/lib/jvm/default/bin/
PATH: /usr/bin/site_perl/
PATH: /usr/bin/vendor_perl/
PATH: /usr/bin/core_perl/
PATH: /usr/lib/rustup/bin/
PATH: /home/dev/go/bin/
PATH: /home/dev/go/bin/


## ----------- ##
## Core tests. ##
## ----------- ##

configure:2082: looking for aux files: config.guess config.sub
configure:2095:  trying ./
configure:2124:   ./config.guess found
configure:2124:   ./config.sub found
configure:2261: checking build system type
configure:2276: result: x86_64-pc-linux-gnu
configure:2296: checking host system type
configure:2310: result: x86_64-pc-linux-gnu
configure:2413: checking for gcc
configure:2434: found /usr/bin/gcc
configure:2445: result: gcc
configure:2798: checking for C compiler version
configure:2807: gcc --version >&5
gcc (GCC) 15.1.1 20250425
Copyright (C) 2025 Free Software Foundation, Inc.
This is free software; see the source for copying conditions.  There is NO
warranty; not even for MERCHANTABILITY or FITNESS FOR A PARTICULAR PURPOSE.

configure:2818: $? = 0
configure:2807: gcc -v >&5
Using built-in specs.
COLLECT_GCC=gcc
COLLECT_LTO_WRAPPER=/usr/lib/gcc/x86_64-pc-linux-gnu/15.1.1/lto-wrapper
Target: x86_64-pc-linux-gnu
Configured with: /build/gcc/src/gcc/configure --enable-languages=ada,c,c++,d,fortran,go,lto,m2,objc,obj-c++,rust,cobol --enable-bootstrap --prefix=/usr --libdir=/usr/lib --libexecdir=/usr/lib --mandir=/usr/share/man --infodir=/usr/share/info --with-bugurl=https://gitlab.archlinux.org/archlinux/packaging/packages/gcc/-/issues --with-build-config=bootstrap-lto --with-linker-hash-style=gnu --with-system-zlib --enable-__cxa_atexit --enable-cet=auto --enable-checking=release --enable-clocale=gnu --enable-default-pie --enable-default-ssp --enable-gnu-indirect-function --enable-gnu-unique-object --enable-libstdcxx-backtrace --enable-link-serialization=1 --enable-linker-build-id --enable-lto --enable-multilib --enable-plugin --enable-shared --enable-threads=posix --disable-libssp --disable-libstdcxx-pch --disable-werror
Thread model: posix
Supported LTO compression algorithms: zlib zstd
gcc version 15.1.1 20250425 (GCC) 
configure:2818: $? = 0
configure:2807: gcc -V >&5
gcc: error: unrecognized command-line option '-V'
gcc: fatal error: no input files
compilation terminated.
configure:2818: $? = 1
configure:2807: gcc -qversion >&5
gcc: error: unrecognized command-line option '-qversion'; did you mean '--version'?
gcc: fatal error: no input files
compilation terminated.
configure:2818: $? = 1
configure:2807: gcc -version >&5
gcc: error: unrecognized command-line option '-version'
gcc: fatal error: no input files
compilation terminated.
configure:2818: $? = 1
configure:2838: checking whether the C compiler works
configure:2860: gcc -march=x86-64 -mtune=generic -O2 -pipe -fno-plt -fexceptions         -Wp,-D_FORTIFY_SOURCE=3 -Wformat -Werror=format-security         -fstack-clash-protection -fcf-protection         -fno-omit-frame-pointer -mno-omit-leaf-frame-pointer  -Wl,-O1 -Wl,--sort-common -Wl,--as-needed -Wl,-z,relro -Wl,-z,now          -Wl,-z,pack-relative-relocs conftest.c  >&5
configure:2864: $? = 0
configure:2914: result: yes
configure:2917: checking for C compiler default output file name
configure:2919: result: a.out
configure:2925: checking for suffix of executables
configure:2932: gcc -o conftest -march=x86-64 -mtune=generic -O2 -pipe -fno-plt -fexceptions         -Wp,-D_FORTIFY_SOURCE=3 -Wformat -Werror=format-security         -fstack-clash-protection -fcf-protection         -fno-omit-frame-pointer -mno-omit-leaf-frame-pointer  -Wl,-O1 -Wl,--sort-common -Wl,--as-needed -Wl,-z,relro -Wl,-z,now          -Wl,-z,pack-relative-relocs conftest.c  >&5
configure:2936: $? = 0
configure:2959: result: 
configure:2981: checking whether we are cross compiling
configure:2989: gcc -o conftest -march=x86-64 -mtune=generic -O2 -pipe -fno-plt -fexceptions         -Wp,-D_FORTIFY_SOURCE=3 -Wformat -Werror=format-security         -fstack-clash-protection -fcf-protection         -fno-omit-frame-pointer -mno-omit-leaf-frame-pointer  -Wl,-O1 -Wl,--sort-common -Wl,--as-needed -Wl,-z,relro -Wl,-z,now          -Wl,-z,pack-relative-relocs conftest.c  >&5
configure:2993: $? = 0
configure:3000: ./conftest
configure:3004: $? = 0
configure:3019: result: no
configure:3024: checking for suffix of object files
configure:3047: gcc -c -march=x86-64 -mtune=generic -O2 -pipe -fno-plt -fexceptions         -Wp,-D_FORTIFY_SOURCE=3 -Wformat -Werror=format-security         -fstack-clash-protection -fcf-protection         -fno-omit-frame-pointer -mno-omit-leaf-frame-pointer  conftest.c >&5
configure:3051: $? = 0
configure:3073: result: o
configure:3077: checking whether the compiler supports GNU C
configure:3097: gcc -c -march=x86-64 -mtune=generic -O2 -pipe -fno-plt -fexceptions         -Wp,-D_FORTIFY_SOURCE=3 -Wformat -Werror=format-security         -fstack-clash-protection -fcf-protection         -fno-omit-frame-pointer -mno-omit-leaf-frame-pointer  conftest.c >&5
configure:3097: $? = 0
configure:3107: result: yes
configure:3118: checking whether gcc accepts -g
configure:3139: gcc -c -g  conftest.c >&5
configure:3139: $? = 0
configure:3183: result: yes
configure:3203: checking for gcc option to enable C11 features
configure:3218: gcc  -c -march=x86-64 -mtune=generic -O2 -pipe -fno-plt -fexceptions         -Wp,-D_FORTIFY_SOURCE=3 -Wformat -Werror=format-security         -fstack-clash-protection -fcf-protection         -fno-omit-frame-pointer -mno-omit-leaf-frame-pointer  conftest.c >&5
conftest.c: In function 'e':
conftest.c:24:14: warning: old-style function definition [-Wold-style-definition]
   24 | static char *e (p, i)
      |              ^
configure:3218: $? = 0
configure:3236: result: none needed
configure:3348: checking for rm
configure:3371: found /usr/bin/rm
configure:3383: result: /usr/bin/rm
configure:3393: checking for install-sh script
configure:3397: result: using /home/dev/src/aur/rollo-printer/src/rollo-cups-driver-1.8.4/install-sh
configure:3452: checking for pkg-config
configure:3475: found /usr/bin/pkg-config
configure:3487: result: /usr/bin/pkg-config
configure:3562: checking for cups-config
configure:3585: found /usr/bin/cups-config
configure:3597: result: /usr/bin/cups-config
configure:3619: checking for CUPS library v2.2 or higher
configure:3625: result: yes, v2.4.12
configure:3631: checking for CUPS datadir
configure:3634: result: /usr/share/cups
configure:3637: checking for CUPS serverbin
configure:3640: result: /usr/lib/cups
configure:3768: checking whether compiler supports -Wno-char-subscripts
configure:3785: gcc -c -march=x86-64 -mtune=generic -O2 -pipe -fno-plt -fexceptions         -Wp,-D_FORTIFY_SOURCE=3 -Wformat -Werror=format-security         -fstack-clash-protection -fcf-protection         -fno-omit-frame-pointer -mno-omit-leaf-frame-pointer -I/usr/include/p11-kit-1 -D_REENTRANT -Wno-char-subscripts -Werror  conftest.c >&5
configure:3785: $? = 0
configure:3788: result: yes
configure:3768: checking whether compiler supports -Wno-deprecated-declarations
configure:3785: gcc -c -march=x86-64 -mtune=generic -O2 -pipe -fno-plt -fexceptions         -Wp,-D_FORTIFY_SOURCE=3 -Wformat -Werror=format-security         -fstack-clash-protection -fcf-protection         -fno-omit-frame-pointer -mno-omit-leaf-frame-pointer -I/usr/include/p11-kit-1 -D_REENTRANT -Wno-deprecated-declarations -Werror  conftest.c >&5
configure:3785: $? = 0
configure:3788: result: yes
configure:3768: checking whether compiler supports -Wno-format-truncation
configure:3785: gcc -c -march=x86-64 -mtune=generic -O2 -pipe -fno-plt -fexceptions         -Wp,-D_FORTIFY_SOURCE=3 -Wformat -Werror=format-security         -fstack-clash-protection -fcf-protection         -fno-omit-frame-pointer -mno-omit-leaf-frame-pointer -I/usr/include/p11-kit-1 -D_REENTRANT -Wno-format-truncation -Werror  conftest.c >&5
configure:3785: $? = 0
configure:3788: result: yes
configure:3768: checking whether compiler supports -Wno-format-y2k
configure:3785: gcc -c -march=x86-64 -mtune=generic -O2 -pipe -fno-plt -fexceptions         -Wp,-D_FORTIFY_SOURCE=3 -Wformat -Werror=format-security         -fstack-clash-protection -fcf-protection         -fno-omit-frame-pointer -mno-omit-leaf-frame-pointer -I/usr/include/p11-kit-1 -D_REENTRANT -Wno-format-y2k -Werror  conftest.c >&5
configure:3785: $? = 0
configure:3788: result: yes
configure:3768: checking whether compiler supports -Wno-switch
configure:3785: gcc -c -march=x86-64 -mtune=generic -O2 -pipe -fno-plt -fexceptions         -Wp,-D_FORTIFY_SOURCE=3 -Wformat -Werror=format-security         -fstack-clash-protection -fcf-protection         -fno-omit-frame-pointer -mno-omit-leaf-frame-pointer -I/usr/include/p11-kit-1 -D_REENTRANT -Wno-switch -Werror  conftest.c >&5
configure:3785: $? = 0
configure:3788: result: yes
configure:3768: checking whether compiler supports -Wno-unused-result
configure:3785: gcc -c -march=x86-64 -mtune=generic -O2 -pipe -fno-plt -fexceptions         -Wp,-D_FORTIFY_SOURCE=3 -Wformat -Werror=format-security         -fstack-clash-protection -fcf-protection         -fno-omit-frame-pointer -mno-omit-leaf-frame-pointer -I/usr/include/p11-kit-1 -D_REENTRANT -Wno-unused-result -Werror  conftest.c >&5
configure:3785: $? = 0
configure:3788: result: yes
configure:3810: checking whether compiler supports -fPIE
configure:3858: gcc -c -march=x86-64 -mtune=generic -O2 -pipe -fno-plt -fexceptions         -Wp,-D_FORTIFY_SOURCE=3 -Wformat -Werror=format-security         -fstack-clash-protection -fcf-protection         -fno-omit-frame-pointer -mno-omit-leaf-frame-pointer -I/usr/include/p11-kit-1 -D_REENTRANT -fPIC -fPIE -pie  conftest.c >&5
configure:3858: $? = 0
configure:3863: result: yes
configure:3879: checking for OS-specific compiler options
configure:3890: result: -D__USE_MISC -D_GNU_SOURCE -Wl,-z,relro,-z,now
configure:4100: creating ./config.status

## ---------------------- ##
## Running config.status. ##
## ---------------------- ##

This file was extended by rollo-driver config.status 1.8.4, which was
generated by GNU Autoconf 2.71.  Invocation command line was

  CONFIG_FILES    = 
  CONFIG_HEADERS  = 
  CONFIG_LINKS    = 
  CONFIG_COMMANDS = 
  $ ./config.status 

on rig

config.status:737: creating Makefile

## ---------------- ##
## Cache variables. ##
## ---------------- ##

ac_cv_build=x86_64-pc-linux-gnu
ac_cv_c_compiler_gnu=yes
ac_cv_env_CC_set=
ac_cv_env_CC_value=
ac_cv_env_CFLAGS_set=set
ac_cv_env_CFLAGS_value='-march=x86-64 -mtune=generic -O2 -pipe -fno-plt -fexceptions         -Wp,-D_FORTIFY_SOURCE=3 -Wformat -Werror=format-security         -fstack-clash-protection -fcf-protection         -fno-omit-frame-pointer -mno-omit-leaf-frame-pointer'
ac_cv_env_CPPFLAGS_set=
ac_cv_env_CPPFLAGS_value=
ac_cv_env_LDFLAGS_set=set
ac_cv_env_LDFLAGS_value='-Wl,-O1 -Wl,--sort-common -Wl,--as-needed -Wl,-z,relro -Wl,-z,now          -Wl,-z,pack-relative-relocs'
ac_cv_env_LIBS_set=
ac_cv_env_LIBS_value=
ac_cv_env_build_alias_set=
ac_cv_env_build_alias_value=
ac_cv_env_host_alias_set=
ac_cv_env_host_alias_value=
ac_cv_env_target_alias_set=
ac_cv_env_target_alias_value=
ac_cv_host=x86_64-pc-linux-gnu
ac_cv_objext=o
ac_cv_path_RM=/usr/bin/rm
ac_cv_path_ac_pt_CUPSCONFIG=/usr/bin/cups-config
ac_cv_path_ac_pt_PKGCONFIG=/usr/bin/pkg-config
ac_cv_prog_ac_ct_CC=gcc
ac_cv_prog_cc_c11=
ac_cv_prog_cc_g=yes
ac_cv_prog_cc_stdc=

## ----------------- ##
## Output variables. ##
## ----------------- ##

CC='gcc'
CFLAGS='-fPIC -march=x86-64 -mtune=generic -O2 -pipe -fno-plt -fexceptions         -Wp,-D_FORTIFY_SOURCE=3 -Wformat -Werror=format-security         -fstack-clash-protection -fcf-protection         -fno-omit-frame-pointer -mno-omit-leaf-frame-pointer -I/usr/include/p11-kit-1 -D_REENTRANT'
CPPFLAGS=' -D__USE_MISC -D_GNU_SOURCE'
CSFLAGS='-o runtime'
CUPSCONFIG='/usr/bin/cups-config'
CUPS_DATADIR='/usr/share/cups'
CUPS_SERVERBIN='/usr/lib/cups'
DEFS='-DPACKAGE_NAME=\"rollo-driver\" -DPACKAGE_TARNAME=\"rollo-driver\" -DPACKAGE_VERSION=\"1.8.4\" -DPACKAGE_STRING=\"rollo-driver\ 1.8.4\" -DPACKAGE_BUGREPORT=\"https://support.rollo.com/support/home\" -DPACKAGE_URL=\"https://support.rollo.com/support/home\" -DROLLO_VERSION=\"1.8.4\"'
ECHO_C=''
ECHO_N='-n'
ECHO_T=''
EXEEXT=''
INSTALL='/home/dev/src/aur/rollo-printer/src/rollo-cups-driver-1.8.4/install-sh'
LDFLAGS='-fPIE -pie -Wl,-O1 -Wl,--sort-common -Wl,--as-needed -Wl,-z,relro -Wl,-z,now          -Wl,-z,pack-relative-relocs -Wl,-z,relro,-z,now'
LIBOBJS=''
LIBS=' -lcups'
LTLIBOBJS=''
OBJEXT='o'
OPTIM=' -g -Os'
OPTIONS=''
PACKAGE_BUGREPORT='https://support.rollo.com/support/home'
PACKAGE_NAME='rollo-driver'
PACKAGE_STRING='rollo-driver 1.8.4'
PACKAGE_TARNAME='rollo-driver'
PACKAGE_URL='https://support.rollo.com/support/home'
PACKAGE_VERSION='1.8.4'
PATH_SEPARATOR=':'
PKGCONFIG='/usr/bin/pkg-config'
RM='/usr/bin/rm'
ROLLO_MAJOR='1'
ROLLO_MINOR='8'
ROLLO_PATCH='4'
ROLLO_VERSION='1.8.4'
SHELL='/bin/sh'
WARNINGS='-Wall -Wunused -Wno-char-subscripts -Wno-deprecated-declarations -Wno-format-truncation -Wno-format-y2k -Wno-switch -Wno-unused-result'
ac_ct_CC='gcc'
bindir='${exec_prefix}/bin'
build='x86_64-pc-linux-gnu'
build_alias=''
build_cpu='x86_64'
build_os='linux-gnu'
build_vendor='pc'
datadir='${datarootdir}'
datarootdir='${prefix}/share'
docdir='${datarootdir}/doc/${PACKAGE_TARNAME}'
dvidir='${docdir}'
exec_prefix='${prefix}'
host='x86_64-pc-linux-gnu'
host_alias=''
host_cpu='x86_64'
host_os='linux-gnu'
host_vendor='pc'
htmldir='${docdir}'
includedir='${prefix}/include'
infodir='${datarootdir}/info'
libdir='${exec_prefix}/lib'
libexecdir='${exec_prefix}/libexec'
localedir='${datarootdir}/locale'
localstatedir='${prefix}/var'
mandir='${datarootdir}/man'
oldincludedir='/usr/include'
pdfdir='${docdir}'
prefix='/usr'
program_transform_name='s,x,x,'
psdir='${docdir}'
runstatedir='${localstatedir}/run'
sbindir='${exec_prefix}/sbin'
sharedstatedir='${prefix}/com'
sysconfdir='${prefix}/etc'
target_alias=''

## ----------- ##
## confdefs.h. ##
## ----------- ##

/* confdefs.h */
#define PACKAGE_NAME "rollo-driver"
#define PACKAGE_TARNAME "rollo-driver"
#define PACKAGE_VERSION "1.8.4"
#define PACKAGE_STRING "rollo-driver 1.8.4"
#define PACKAGE_BUGREPORT "https://support.rollo.com/support/home"
#define PACKAGE_URL "https://support.rollo.com/support/home"
#define ROLLO_VERSION "1.8.4"

configure: exit 0
