This file contains any messages produced by compilers while
running configure, to aid debugging if configure makes a mistake.

It was created by rollo-driver configure 1.8.4, which was
generated by GNU Autoconf 2.71.  Invocation command line was

  $ ./configure

## --------- ##
## Platform. ##
## --------- ##

hostname = print-server
uname -m = armv6l
uname -r = 6.18.34+rpt-rpi-v6
uname -s = Linux
uname -v = #1 Raspbian 1:6.18.34-1+rpt1 (2026-06-09)

/usr/bin/uname -p = unknown
/bin/uname -X     = unknown

/bin/arch              = armv6l
/usr/bin/arch -k       = unknown
/usr/convex/getsysinfo = unknown
/usr/bin/hostinfo      = unknown
/bin/machine           = unknown
/usr/bin/oslevel       = unknown
/bin/universe          = unknown

PATH: /usr/local/sbin/
PATH: /usr/local/bin/
PATH: /usr/sbin/
PATH: /usr/bin/
PATH: /sbin/
PATH: /bin/
PATH: /usr/local/games/
PATH: /usr/games/


## ----------- ##
## Core tests. ##
## ----------- ##

configure:2082: looking for aux files: config.guess config.sub
configure:2095:  trying ./
configure:2124:   ./config.guess found
configure:2124:   ./config.sub found
configure:2261: checking build system type
configure:2276: result: armv6l-unknown-linux-gnueabihf
configure:2296: checking host system type
configure:2310: result: armv6l-unknown-linux-gnueabihf
configure:2413: checking for gcc
configure:2434: found /usr/bin/gcc
configure:2445: result: gcc
configure:2798: checking for C compiler version
configure:2807: gcc --version >&5
gcc (Raspbian 14.2.0-19+rpi1) 14.2.0
Copyright (C) 2024 Free Software Foundation, Inc.
This is free software; see the source for copying conditions.  There is NO
warranty; not even for MERCHANTABILITY or FITNESS FOR A PARTICULAR PURPOSE.

configure:2818: $? = 0
configure:2807: gcc -v >&5
Using built-in specs.
COLLECT_GCC=gcc
COLLECT_LTO_WRAPPER=/usr/libexec/gcc/arm-linux-gnueabihf/14/lto-wrapper
Target: arm-linux-gnueabihf
Configured with: ../src/configure -v --with-pkgversion='Raspbian 14.2.0-19+rpi1' --with-bugurl=file:///usr/share/doc/gcc-14/README.Bugs --enable-languages=c,ada,c++,go,d,fortran,objc,obj-c++,m2,rust --prefix=/usr --with-gcc-major-version-only --program-suffix=-14 --program-prefix=arm-linux-gnueabihf- --enable-shared --enable-linker-build-id --libexecdir=/usr/libexec --without-included-gettext --enable-threads=posix --libdir=/usr/lib --enable-nls --enable-bootstrap --enable-clocale=gnu --enable-libstdcxx-debug --enable-libstdcxx-time=yes --with-default-libstdcxx-abi=new --enable-libstdcxx-backtrace --enable-gnu-unique-object --disable-libitm --disable-libquadmath --disable-libquadmath-support --enable-plugin --with-system-zlib --enable-libphobos-checking=release --with-target-system-zlib=auto --enable-objc-gc=auto --enable-multiarch --disable-sjlj-exceptions --with-arch=armv6+fp --with-float=hard --disable-werror --enable-checking=release --build=arm-linux-gnueabihf --host=arm-linux-gnueabihf --target=arm-linux-gnueabihf
Thread model: posix
Supported LTO compression algorithms: zlib zstd
gcc version 14.2.0 (Raspbian 14.2.0-19+rpi1) 
configure:2818: $? = 0
configure:2807: gcc -V >&5
gcc: error: unrecognized command-line option '-V'
gcc: fatal error: no input files
compilation terminated.
configure:2818: $? = 1
configure:2807: gcc -qversion >&5
gcc: error: unrecognized command-line option '-qversion'; did you mean '--version'?
gcc: fatal error: no input files
compilation terminated.
configure:2818: $? = 1
configure:2807: gcc -version >&5
gcc: error: unrecognized command-line option '-version'
gcc: fatal error: no input files
compilation terminated.
configure:2818: $? = 1
configure:2838: checking whether the C compiler works
configure:2860: gcc    conftest.c  >&5
configure:2864: $? = 0
configure:2914: result: yes
configure:2917: checking for C compiler default output file name
configure:2919: result: a.out
configure:2925: checking for suffix of executables
configure:2932: gcc -o conftest    conftest.c  >&5
configure:2936: $? = 0
configure:2959: result: 
configure:2981: checking whether we are cross compiling
configure:2989: gcc -o conftest    conftest.c  >&5
configure:2993: $? = 0
configure:3000: ./conftest
configure:3004: $? = 0
configure:3019: result: no
configure:3024: checking for suffix of object files
configure:3047: gcc -c   conftest.c >&5
configure:3051: $? = 0
configure:3073: result: o
configure:3077: checking whether the compiler supports GNU C
configure:3097: gcc -c   conftest.c >&5
configure:3097: $? = 0
configure:3107: result: yes
configure:3118: checking whether gcc accepts -g
configure:3139: gcc -c -g  conftest.c >&5
configure:3139: $? = 0
configure:3183: result: yes
configure:3203: checking for gcc option to enable C11 features
configure:3218: gcc  -c   conftest.c >&5
configure:3218: $? = 0
configure:3236: result: none needed
configure:3348: checking for rm
configure:3371: found /usr/bin/rm
configure:3383: result: /usr/bin/rm
configure:3393: checking for install-sh script
configure:3397: result: using /home/rob/Projects/thermal-printer-tools/drivers/upstream/rollo-driver-source/build-arm/install-sh
configure:3452: checking for pkg-config
configure:3475: found /usr/bin/pkg-config
configure:3487: result: /usr/bin/pkg-config
configure:3562: checking for cups-config
configure:3585: found /usr/bin/cups-config
configure:3597: result: /usr/bin/cups-config
configure:3619: checking for CUPS library v2.2 or higher
configure:3625: result: yes, v2.4.10
configure:3631: checking for CUPS datadir
configure:3634: result: 
configure:3637: checking for CUPS serverbin
configure:3640: result: 
configure:3768: checking whether compiler supports -Wno-char-subscripts
configure:3785: gcc -c   -Wno-char-subscripts -Werror  -D_FORTIFY_SOURCE=3 conftest.c >&5
configure:3785: $? = 0
configure:3788: result: yes
configure:3768: checking whether compiler supports -Wno-deprecated-declarations
configure:3785: gcc -c   -Wno-deprecated-declarations -Werror  -D_FORTIFY_SOURCE=3 conftest.c >&5
configure:3785: $? = 0
configure:3788: result: yes
configure:3768: checking whether compiler supports -Wno-format-truncation
configure:3785: gcc -c   -Wno-format-truncation -Werror  -D_FORTIFY_SOURCE=3 conftest.c >&5
configure:3785: $? = 0
configure:3788: result: yes
configure:3768: checking whether compiler supports -Wno-format-y2k
configure:3785: gcc -c   -Wno-format-y2k -Werror  -D_FORTIFY_SOURCE=3 conftest.c >&5
configure:3785: $? = 0
configure:3788: result: yes
configure:3768: checking whether compiler supports -Wno-switch
configure:3785: gcc -c   -Wno-switch -Werror  -D_FORTIFY_SOURCE=3 conftest.c >&5
configure:3785: $? = 0
configure:3788: result: yes
configure:3768: checking whether compiler supports -Wno-unused-result
configure:3785: gcc -c   -Wno-unused-result -Werror  -D_FORTIFY_SOURCE=3 conftest.c >&5
configure:3785: $? = 0
configure:3788: result: yes
configure:3810: checking whether compiler supports -fPIE
configure:3858: gcc -c   -fPIC -fPIE -pie  -D_FORTIFY_SOURCE=3 conftest.c >&5
configure:3858: $? = 0
configure:3863: result: yes
configure:3879: checking for OS-specific compiler options
configure:3890: result: -D__USE_MISC -D_GNU_SOURCE -Wl,-z,relro,-z,now
configure:4100: creating ./config.status

## ---------------------- ##
## Running config.status. ##
## ---------------------- ##

This file was extended by rollo-driver config.status 1.8.4, which was
generated by GNU Autoconf 2.71.  Invocation command line was

  CONFIG_FILES    = 
  CONFIG_HEADERS  = 
  CONFIG_LINKS    = 
  CONFIG_COMMANDS = 
  $ ./config.status 

on print-server

config.status:736: creating Makefile

## ---------------- ##
## Cache variables. ##
## ---------------- ##

ac_cv_build=armv6l-unknown-linux-gnueabihf
ac_cv_c_compiler_gnu=yes
ac_cv_env_CC_set=
ac_cv_env_CC_value=
ac_cv_env_CFLAGS_set=
ac_cv_env_CFLAGS_value=
ac_cv_env_CPPFLAGS_set=
ac_cv_env_CPPFLAGS_value=
ac_cv_env_LDFLAGS_set=
ac_cv_env_LDFLAGS_value=
ac_cv_env_LIBS_set=
ac_cv_env_LIBS_value=
ac_cv_env_build_alias_set=
ac_cv_env_build_alias_value=
ac_cv_env_host_alias_set=
ac_cv_env_host_alias_value=
ac_cv_env_target_alias_set=
ac_cv_env_target_alias_value=
ac_cv_host=armv6l-unknown-linux-gnueabihf
ac_cv_objext=o
ac_cv_path_RM=/usr/bin/rm
ac_cv_path_ac_pt_CUPSCONFIG=/usr/bin/cups-config
ac_cv_path_ac_pt_PKGCONFIG=/usr/bin/pkg-config
ac_cv_prog_ac_ct_CC=gcc
ac_cv_prog_cc_c11=
ac_cv_prog_cc_g=yes
ac_cv_prog_cc_stdc=

## ----------------- ##
## Output variables. ##
## ----------------- ##

CC='gcc'
CFLAGS='-fPIC  '
CPPFLAGS=' -D_FORTIFY_SOURCE=3 -D__USE_MISC -D_GNU_SOURCE'
CSFLAGS='-o runtime'
CUPSCONFIG='/usr/bin/cups-config'
CUPS_DATADIR=''
CUPS_SERVERBIN=''
DEFS='-DPACKAGE_NAME=\"rollo-driver\" -DPACKAGE_TARNAME=\"rollo-driver\" -DPACKAGE_VERSION=\"1.8.4\" -DPACKAGE_STRING=\"rollo-driver\ 1.8.4\" -DPACKAGE_BUGREPORT=\"https://support.rollo.com/support/home\" -DPACKAGE_URL=\"https://support.rollo.com/support/home\" -DROLLO_VERSION=\"1.8.4\"'
ECHO_C=''
ECHO_N='-n'
ECHO_T=''
EXEEXT=''
INSTALL='/home/rob/Projects/thermal-printer-tools/drivers/upstream/rollo-driver-source/build-arm/install-sh'
LDFLAGS='-fPIE -pie  -Wl,-z,relro,-z,now'
LIBOBJS=''
LIBS=' -lcups '
LTLIBOBJS=''
OBJEXT='o'
OPTIM=' -g -Os'
OPTIONS=''
PACKAGE_BUGREPORT='https://support.rollo.com/support/home'
PACKAGE_NAME='rollo-driver'
PACKAGE_STRING='rollo-driver 1.8.4'
PACKAGE_TARNAME='rollo-driver'
PACKAGE_URL='https://support.rollo.com/support/home'
PACKAGE_VERSION='1.8.4'
PATH_SEPARATOR=':'
PKGCONFIG='/usr/bin/pkg-config'
RM='/usr/bin/rm'
ROLLO_MAJOR='1'
ROLLO_MINOR='8'
ROLLO_PATCH='4'
ROLLO_VERSION='1.8.4'
SHELL='/bin/bash'
WARNINGS='-Wall -Wunused -Wno-char-subscripts -Wno-deprecated-declarations -Wno-format-truncation -Wno-format-y2k -Wno-switch -Wno-unused-result'
ac_ct_CC='gcc'
bindir='${exec_prefix}/bin'
build='armv6l-unknown-linux-gnueabihf'
build_alias=''
build_cpu='armv6l'
build_os='linux-gnueabihf'
build_vendor='unknown'
datadir='${datarootdir}'
datarootdir='${prefix}/share'
docdir='${datarootdir}/doc/${PACKAGE_TARNAME}'
dvidir='${docdir}'
exec_prefix='${prefix}'
host='armv6l-unknown-linux-gnueabihf'
host_alias=''
host_cpu='armv6l'
host_os='linux-gnueabihf'
host_vendor='unknown'
htmldir='${docdir}'
includedir='${prefix}/include'
infodir='${datarootdir}/info'
libdir='${exec_prefix}/lib'
libexecdir='${exec_prefix}/libexec'
localedir='${datarootdir}/locale'
localstatedir='${prefix}/var'
mandir='${datarootdir}/man'
oldincludedir='/usr/include'
pdfdir='${docdir}'
prefix='/usr/local'
program_transform_name='s,x,x,'
psdir='${docdir}'
runstatedir='${localstatedir}/run'
sbindir='${exec_prefix}/sbin'
sharedstatedir='${prefix}/com'
sysconfdir='${prefix}/etc'
target_alias=''

## ----------- ##
## confdefs.h. ##
## ----------- ##

/* confdefs.h */
#define PACKAGE_NAME "rollo-driver"
#define PACKAGE_TARNAME "rollo-driver"
#define PACKAGE_VERSION "1.8.4"
#define PACKAGE_STRING "rollo-driver 1.8.4"
#define PACKAGE_BUGREPORT "https://support.rollo.com/support/home"
#define PACKAGE_URL "https://support.rollo.com/support/home"
#define ROLLO_VERSION "1.8.4"

configure: exit 0
